Connecting to database specified by database.yml
  [1m[36m (450.2ms)[0m  [1mCREATE TABLE "schema_migrations" ("version" character varying(255) NOT NULL) [0m
  [1m[35m (67.2ms)[0m  CREATE UNIQUE INDEX "unique_schema_migrations" ON "schema_migrations" ("version")
  [1m[36m (0.4ms)[0m  [1mSELECT "schema_migrations"."version" FROM "schema_migrations" [0m
Migrating to CreateContacts (20130406144318)
  [1m[35m (0.2ms)[0m  BEGIN
  [1m[36m (187.9ms)[0m  [1mCREATE TABLE "contacts" ("id" serial primary key, "name" character varying(255), "email" character varying(255), "description" text, "created_at" timestamp NOT NULL, "updated_at" timestamp NOT NULL) [0m
  [1m[35m (0.5ms)[0m  INSERT INTO "schema_migrations" ("version") VALUES ('20130406144318')
  [1m[36m (12.9ms)[0m  [1mCOMMIT[0m
Migrating to CreatePaintings (20130409113850)
  [1m[35m (0.2ms)[0m  BEGIN
  [1m[36m (72.4ms)[0m  [1mCREATE TABLE "paintings" ("id" serial primary key, "name" character varying(255), "description" text, "datepicker" timestamp, "created_at" timestamp NOT NULL, "updated_at" timestamp NOT NULL) [0m
  [1m[35m (0.3ms)[0m  INSERT INTO "schema_migrations" ("version") VALUES ('20130409113850')
  [1m[36m (13.0ms)[0m  [1mCOMMIT[0m
Migrating to AddImageToPaintings (20130409114226)
  [1m[35m (0.4ms)[0m  BEGIN
  [1m[36m (7.1ms)[0m  [1mALTER TABLE "paintings" ADD COLUMN "image" character varying(255)[0m
  [1m[35m (0.2ms)[0m  INSERT INTO "schema_migrations" ("version") VALUES ('20130409114226')
  [1m[36m (11.5ms)[0m  [1mCOMMIT[0m
Migrating to CreateJobs (20130417124005)
  [1m[35m (0.2ms)[0m  BEGIN
  [1m[36m (73.5ms)[0m  [1mCREATE TABLE "jobs" ("id" serial primary key, "title" character varying(255), "description" text, "datepicker" timestamp, "created_at" timestamp NOT NULL, "updated_at" timestamp NOT NULL) [0m
  [1m[35m (0.2ms)[0m  INSERT INTO "schema_migrations" ("version") VALUES ('20130417124005')
  [1m[36m (12.3ms)[0m  [1mCOMMIT[0m
Migrating to CreateCkeditorAssets (20130418145657)
  [1m[35m (0.2ms)[0m  BEGIN
  [1m[36m (119.5ms)[0m  [1mCREATE TABLE "ckeditor_assets" ("id" serial primary key, "data_file_name" character varying(255) NOT NULL, "data_content_type" character varying(255), "data_file_size" integer, "assetable_id" integer, "assetable_type" character varying(30), "type" character varying(30), "width" integer, "height" integer, "created_at" timestamp NOT NULL, "updated_at" timestamp NOT NULL) [0m
  [1m[35m (40.7ms)[0m  CREATE INDEX "idx_ckeditor_assetable_type" ON "ckeditor_assets" ("assetable_type", "type", "assetable_id")
  [1m[36m (31.5ms)[0m  [1mCREATE INDEX "idx_ckeditor_assetable" ON "ckeditor_assets" ("assetable_type", "assetable_id")[0m
  [1m[35m (0.2ms)[0m  INSERT INTO "schema_migrations" ("version") VALUES ('20130418145657')
  [1m[36m (10.2ms)[0m  [1mCOMMIT[0m
Migrating to DeviseCreateAdminUsers (20131212133413)
  [1m[35m (0.2ms)[0m  BEGIN
  [1m[36m (111.3ms)[0m  [1mCREATE TABLE "admin_users" ("id" serial primary key, "email" character varying(255) DEFAULT '' NOT NULL, "encrypted_password" character varying(255) DEFAULT '' NOT NULL, "reset_password_token" character varying(255), "reset_password_sent_at" timestamp, "remember_created_at" timestamp, "sign_in_count" integer DEFAULT 0, "current_sign_in_at" timestamp, "last_sign_in_at" timestamp, "current_sign_in_ip" character varying(255), "last_sign_in_ip" character varying(255), "created_at" timestamp NOT NULL, "updated_at" timestamp NOT NULL) [0m
  [1m[35m (34.1ms)[0m  CREATE UNIQUE INDEX "index_admin_users_on_email" ON "admin_users" ("email")
  [1m[36m (31.9ms)[0m  [1mCREATE UNIQUE INDEX "index_admin_users_on_reset_password_token" ON "admin_users" ("reset_password_token")[0m
  [1m[35mAdminUser Exists (0.8ms)[0m  SELECT 1 AS one FROM "admin_users" WHERE "admin_users"."email" = 'admin@example.com' LIMIT 1
  [1m[36mSQL (62.7ms)[0m  [1mINSERT INTO "admin_users" ("created_at", "current_sign_in_at", "current_sign_in_ip", "email", "encrypted_password", "last_sign_in_at", "last_sign_in_ip", "remember_created_at", "reset_password_sent_at", "reset_password_token", "sign_in_count", "updated_at") VALUES ($1, $2, $3, $4, $5, $6, $7, $8, $9, $10, $11, $12) RETURNING "id"[0m  [["created_at", Sat, 08 Mar 2014 18:10:55 UTC +00:00], ["current_sign_in_at", nil], ["current_sign_in_ip", nil], ["email", "admin@example.com"], ["encrypted_password", "$2a$10$E/VWesIBeqqZKhd8yLR32uxoUCo2ojUCLIfC9tglnMkEi35sQgTk6"], ["last_sign_in_at", nil], ["last_sign_in_ip", nil], ["remember_created_at", nil], ["reset_password_sent_at", nil], ["reset_password_token", nil], ["sign_in_count", 0], ["updated_at", Sat, 08 Mar 2014 18:10:55 UTC +00:00]]
  [1m[35m (0.3ms)[0m  INSERT INTO "schema_migrations" ("version") VALUES ('20131212133413')
  [1m[36m (27.2ms)[0m  [1mCOMMIT[0m
Migrating to CreateAdminNotes (20131212133425)
  [1m[35m (0.3ms)[0m  BEGIN
  [1m[36m (68.2ms)[0m  [1mCREATE TABLE "admin_notes" ("id" serial primary key, "resource_id" character varying(255) NOT NULL, "resource_type" character varying(255) NOT NULL, "admin_user_id" integer, "admin_user_type" character varying(255), "body" text, "created_at" timestamp NOT NULL, "updated_at" timestamp NOT NULL) [0m
  [1m[35m (32.2ms)[0m  CREATE INDEX "index_admin_notes_on_resource_type_and_resource_id" ON "admin_notes" ("resource_type", "resource_id")
  [1m[36m (31.9ms)[0m  [1mCREATE INDEX "index_admin_notes_on_admin_user_type_and_admin_user_id" ON "admin_notes" ("admin_user_type", "admin_user_id")[0m
  [1m[35m (0.2ms)[0m  INSERT INTO "schema_migrations" ("version") VALUES ('20131212133425')
  [1m[36m (26.8ms)[0m  [1mCOMMIT[0m
Migrating to MoveAdminNotesToComments (20131212133426)
  [1m[35m (0.3ms)[0m  BEGIN
  [1m[36m (21.3ms)[0m  [1mDROP INDEX "index_admin_notes_on_admin_user_type_and_admin_user_id"[0m
  [1m[35m (0.3ms)[0m  ALTER TABLE "admin_notes" RENAME TO "active_admin_comments"
  [1m[36m (0.3ms)[0m  [1mALTER TABLE "admin_notes_id_seq" RENAME TO "active_admin_comments_id_seq"[0m
  [1m[35m (0.3ms)[0m  ALTER TABLE "active_admin_comments" RENAME COLUMN "admin_user_type" TO "author_type"
  [1m[36m (0.3ms)[0m  [1mALTER TABLE "active_admin_comments" RENAME COLUMN "admin_user_id" TO "author_id"[0m
  [1m[35m (0.3ms)[0m  ALTER TABLE "active_admin_comments" ADD COLUMN "namespace" character varying(255)
  [1m[36m (36.4ms)[0m  [1mCREATE INDEX "index_active_admin_comments_on_namespace" ON "active_admin_comments" ("namespace")[0m
  [1m[35m (31.5ms)[0m  CREATE INDEX "index_active_admin_comments_on_author_type_and_author_id" ON "active_admin_comments" ("author_type", "author_id")
  [1m[36m (0.5ms)[0m  [1mUPDATE active_admin_comments SET namespace='admin'[0m
  [1m[35m (0.2ms)[0m  INSERT INTO "schema_migrations" ("version") VALUES ('20131212133426')
  [1m[36m (14.3ms)[0m  [1mCOMMIT[0m
Migrating to RenameOldTableToNewTable (20131213132840)
  [1m[35m (0.2ms)[0m  BEGIN
  [1m[36m (0.5ms)[0m  [1mALTER TABLE "paintings" RENAME TO "projects"[0m
  [1m[35m (0.3ms)[0m  ALTER TABLE "paintings_id_seq" RENAME TO "projects_id_seq"
  [1m[36m (0.3ms)[0m  [1mINSERT INTO "schema_migrations" ("version") VALUES ('20131213132840')[0m
  [1m[35m (37.7ms)[0m  COMMIT
Migrating to CreatePosts (20131216180105)
  [1m[36m (0.2ms)[0m  [1mBEGIN[0m
  [1m[35m (187.3ms)[0m  CREATE TABLE "posts" ("id" serial primary key, "title" character varying(255), "content" text, "created_at" timestamp NOT NULL, "updated_at" timestamp NOT NULL) 
  [1m[36m (0.2ms)[0m  [1mINSERT INTO "schema_migrations" ("version") VALUES ('20131216180105')[0m
  [1m[35m (46.7ms)[0m  COMMIT
Migrating to AddVideoToPosts (20131216184914)
  [1m[36m (0.2ms)[0m  [1mBEGIN[0m
  [1m[35m (0.5ms)[0m  ALTER TABLE "posts" ADD COLUMN "video" character varying(255)
  [1m[36m (0.2ms)[0m  [1mINSERT INTO "schema_migrations" ("version") VALUES ('20131216184914')[0m
  [1m[35m (52.4ms)[0m  COMMIT
Migrating to RenameColumnVideoToPostVideo (20131216185349)
  [1m[36m (0.2ms)[0m  [1mBEGIN[0m
  [1m[35m (0.4ms)[0m  ALTER TABLE "posts" RENAME COLUMN "video" TO "post_video"
  [1m[36m (0.3ms)[0m  [1mINSERT INTO "schema_migrations" ("version") VALUES ('20131216185349')[0m
  [1m[35m (27.9ms)[0m  COMMIT
Migrating to RenameColumnPostVideoToVideo (20131216190329)
  [1m[36m (0.2ms)[0m  [1mBEGIN[0m
  [1m[35m (0.5ms)[0m  ALTER TABLE "posts" RENAME COLUMN "post_video" TO "video"
  [1m[36m (0.3ms)[0m  [1mINSERT INTO "schema_migrations" ("version") VALUES ('20131216190329')[0m
  [1m[35m (36.7ms)[0m  COMMIT
Migrating to AddImageToPosts (20131216191415)
  [1m[36m (0.2ms)[0m  [1mBEGIN[0m
  [1m[35m (0.4ms)[0m  ALTER TABLE "posts" ADD COLUMN "image" character varying(255)
  [1m[36m (0.4ms)[0m  [1mINSERT INTO "schema_migrations" ("version") VALUES ('20131216191415')[0m
  [1m[35m (7.4ms)[0m  COMMIT
  [1m[36m (0.3ms)[0m  [1mSELECT "schema_migrations"."version" FROM "schema_migrations" [0m
Connecting to database specified by database.yml


Started GET "/" for 127.0.0.1 at 2014-03-08 21:11:16 +0300
Processing by ApplicationController#home as HTML
  [1m[36mProject Load (0.4ms)[0m  [1mSELECT "projects".* FROM "projects" [0m
  [1m[35mPost Load (0.8ms)[0m  SELECT "posts".* FROM "posts" ORDER BY posts.created_at DESC, created_at DESC LIMIT 4
  Rendered application/_slider.html.haml (3.0ms)
  Rendered application/_fluid_services.html.haml (4.1ms)
  Rendered application/_fluid_services_2.html.haml (5.9ms)
  Rendered application/home.html.haml within layouts/application (24.8ms)
Compiled twitter-bootstrap-static/bootstrap.css  (42ms)  (pid 14790)
Compiled twitter-bootstrap-static/fontawesome.css  (21ms)  (pid 14790)
Compiled bootstrap_and_overrides.css  (152ms)  (pid 14790)
Compiled video-js.css  (13ms)  (pid 14790)
Compiled style.css  (0ms)  (pid 14790)
Compiled prettyPhoto.css  (0ms)  (pid 14790)
Compiled application.css  (206ms)  (pid 14790)
Compiled jquery.js  (3ms)  (pid 14790)
Compiled twitter/bootstrap/bootstrap-transition.js  (0ms)  (pid 14790)
Compiled twitter/bootstrap/bootstrap-alert.js  (0ms)  (pid 14790)
Compiled twitter/bootstrap/bootstrap-modal.js  (0ms)  (pid 14790)
Compiled twitter/bootstrap/bootstrap-dropdown.js  (0ms)  (pid 14790)
Compiled twitter/bootstrap/bootstrap-scrollspy.js  (0ms)  (pid 14790)
Compiled twitter/bootstrap/bootstrap-tab.js  (0ms)  (pid 14790)
Compiled twitter/bootstrap/bootstrap-tooltip.js  (0ms)  (pid 14790)
Compiled twitter/bootstrap/bootstrap-popover.js  (0ms)  (pid 14790)
Compiled twitter/bootstrap/bootstrap-button.js  (0ms)  (pid 14790)
Compiled twitter/bootstrap/bootstrap-collapse.js  (0ms)  (pid 14790)
Compiled twitter/bootstrap/bootstrap-carousel.js  (0ms)  (pid 14790)
Compiled twitter/bootstrap/bootstrap-typeahead.js  (0ms)  (pid 14790)
Compiled twitter/bootstrap/bootstrap-affix.js  (0ms)  (pid 14790)
Compiled twitter/bootstrap.js  (73ms)  (pid 14790)
Compiled bootstrap.min.js  (0ms)  (pid 14790)
Compiled jquery.prettyPhoto.js  (0ms)  (pid 14790)
Compiled jquery.flexslider.js  (0ms)  (pid 14790)
Compiled jquery.hoverdir.js  (0ms)  (pid 14790)
Compiled main.js  (0ms)  (pid 14790)
Compiled jquery.elastislide.js  (0ms)  (pid 14790)
Compiled ckeditor/ckeditor.js  (5ms)  (pid 14790)
Compiled ckeditor/init.js  (31ms)  (pid 14790)
Compiled video.js  (154ms)  (pid 14790)
Compiled application.js  (463ms)  (pid 14790)
  Rendered application/_flash_message.html.haml (2.8ms)
  Rendered application/_top_menu.html.haml (3.0ms)
  Rendered application/_header.html.haml (3.6ms)
  Rendered application/_footer.html.haml (1.8ms)
Completed 200 OK in 1093ms (Views: 1082.1ms | ActiveRecord: 6.6ms)


Started GET "/assets/application.css?body=1" for 127.0.0.1 at 2014-03-08 21:11:18 +0300
Served asset /application.css - 200 OK (17ms)


Started GET "/assets/twitter-bootstrap-static/bootstrap.css?body=1" for 127.0.0.1 at 2014-03-08 21:11:18 +0300
Served asset /twitter-bootstrap-static/bootstrap.css - 200 OK (4ms)


Started GET "/assets/video-js.css?body=1" for 127.0.0.1 at 2014-03-08 21:11:18 +0300
Served asset /video-js.css - 200 OK (2ms)


Started GET "/assets/style.css?body=1" for 127.0.0.1 at 2014-03-08 21:11:18 +0300
Served asset /style.css - 200 OK (2ms)


Started GET "/assets/twitter-bootstrap-static/fontawesome.css?body=1" for 127.0.0.1 at 2014-03-08 21:11:18 +0300
Served asset /twitter-bootstrap-static/fontawesome.css - 200 OK (4ms)


Started GET "/assets/bootstrap_and_overrides.css?body=1" for 127.0.0.1 at 2014-03-08 21:11:18 +0300
Served asset /bootstrap_and_overrides.css - 200 OK (5ms)


Started GET "/assets/jquery.js?body=1" for 127.0.0.1 at 2014-03-08 21:11:18 +0300
Served asset /jquery.js - 200 OK (6ms)


Started GET "/assets/prettyPhoto.css?body=1" for 127.0.0.1 at 2014-03-08 21:11:18 +0300
Served asset /prettyPhoto.css - 200 OK (6ms)


Started GET "/assets/twitter/bootstrap/bootstrap-transition.js?body=1" for 127.0.0.1 at 2014-03-08 21:11:18 +0300
Served asset /twitter/bootstrap/bootstrap-transition.js - 200 OK (4ms)


Started GET "/assets/twitter/bootstrap/bootstrap-alert.js?body=1" for 127.0.0.1 at 2014-03-08 21:11:18 +0300
Served asset /twitter/bootstrap/bootstrap-alert.js - 200 OK (4ms)


Started GET "/assets/twitter/bootstrap/bootstrap-modal.js?body=1" for 127.0.0.1 at 2014-03-08 21:11:18 +0300
Served asset /twitter/bootstrap/bootstrap-modal.js - 200 OK (4ms)


Started GET "/assets/twitter/bootstrap/bootstrap-dropdown.js?body=1" for 127.0.0.1 at 2014-03-08 21:11:18 +0300
Served asset /twitter/bootstrap/bootstrap-dropdown.js - 200 OK (8ms)


Started GET "/assets/twitter/bootstrap/bootstrap-scrollspy.js?body=1" for 127.0.0.1 at 2014-03-08 21:11:18 +0300
Served asset /twitter/bootstrap/bootstrap-scrollspy.js - 200 OK (4ms)


Started GET "/assets/twitter/bootstrap/bootstrap-tab.js?body=1" for 127.0.0.1 at 2014-03-08 21:11:18 +0300
Served asset /twitter/bootstrap/bootstrap-tab.js - 200 OK (4ms)


Started GET "/assets/twitter/bootstrap/bootstrap-tooltip.js?body=1" for 127.0.0.1 at 2014-03-08 21:11:18 +0300
Served asset /twitter/bootstrap/bootstrap-tooltip.js - 200 OK (5ms)


Started GET "/assets/twitter/bootstrap/bootstrap-popover.js?body=1" for 127.0.0.1 at 2014-03-08 21:11:18 +0300
Served asset /twitter/bootstrap/bootstrap-popover.js - 200 OK (19ms)


Started GET "/assets/twitter/bootstrap/bootstrap-button.js?body=1" for 127.0.0.1 at 2014-03-08 21:11:18 +0300
Served asset /twitter/bootstrap/bootstrap-button.js - 200 OK (4ms)


Started GET "/assets/twitter/bootstrap/bootstrap-collapse.js?body=1" for 127.0.0.1 at 2014-03-08 21:11:18 +0300
Served asset /twitter/bootstrap/bootstrap-collapse.js - 200 OK (4ms)


Started GET "/assets/twitter/bootstrap/bootstrap-typeahead.js?body=1" for 127.0.0.1 at 2014-03-08 21:11:18 +0300
Served asset /twitter/bootstrap/bootstrap-typeahead.js - 200 OK (4ms)


Started GET "/assets/twitter/bootstrap/bootstrap-carousel.js?body=1" for 127.0.0.1 at 2014-03-08 21:11:18 +0300
Served asset /twitter/bootstrap/bootstrap-carousel.js - 200 OK (4ms)


Started GET "/assets/twitter/bootstrap/bootstrap-affix.js?body=1" for 127.0.0.1 at 2014-03-08 21:11:18 +0300
Served asset /twitter/bootstrap/bootstrap-affix.js - 200 OK (4ms)


Started GET "/assets/twitter/bootstrap.js?body=1" for 127.0.0.1 at 2014-03-08 21:11:18 +0300
Served asset /twitter/bootstrap.js - 200 OK (30ms)


Started GET "/assets/bootstrap.min.js?body=1" for 127.0.0.1 at 2014-03-08 21:11:18 +0300
Served asset /bootstrap.min.js - 200 OK (9ms)


Started GET "/assets/jquery.flexslider.js?body=1" for 127.0.0.1 at 2014-03-08 21:11:18 +0300
Served asset /jquery.flexslider.js - 200 OK (2ms)


Started GET "/assets/jquery.prettyPhoto.js?body=1" for 127.0.0.1 at 2014-03-08 21:11:18 +0300
Served asset /jquery.prettyPhoto.js - 200 OK (2ms)


Started GET "/assets/jquery.hoverdir.js?body=1" for 127.0.0.1 at 2014-03-08 21:11:18 +0300
Served asset /jquery.hoverdir.js - 200 OK (2ms)


Started GET "/assets/jquery.elastislide.js?body=1" for 127.0.0.1 at 2014-03-08 21:11:18 +0300
Served asset /jquery.elastislide.js - 200 OK (2ms)


Started GET "/assets/main.js?body=1" for 127.0.0.1 at 2014-03-08 21:11:19 +0300
Served asset /main.js - 200 OK (1ms)


Started GET "/assets/ckeditor/init.js?body=1" for 127.0.0.1 at 2014-03-08 21:11:19 +0300
Served asset /ckeditor/init.js - 200 OK (9ms)


Started GET "/assets/ckeditor/ckeditor.js?body=1" for 127.0.0.1 at 2014-03-08 21:11:19 +0300
Served asset /ckeditor/ckeditor.js - 200 OK (4ms)


Started GET "/assets/logo.png" for 127.0.0.1 at 2014-03-08 21:11:19 +0300
Served asset /logo.png - 200 OK (65ms)


Started GET "/assets/video.js?body=1" for 127.0.0.1 at 2014-03-08 21:11:19 +0300
Served asset /video.js - 200 OK (4ms)


Started GET "/assets/application.js?body=1" for 127.0.0.1 at 2014-03-08 21:11:19 +0300
Served asset /application.js - 200 OK (32ms)


Started GET "/assets/slide1.jpg" for 127.0.0.1 at 2014-03-08 21:11:19 +0300
Served asset /slide1.jpg - 200 OK (28ms)


Started GET "/assets/slide3.jpg" for 127.0.0.1 at 2014-03-08 21:11:19 +0300
Served asset /slide3.jpg - 200 OK (66ms)


Started GET "/assets/resp.png" for 127.0.0.1 at 2014-03-08 21:11:19 +0300
Served asset /resp.png - 200 OK (29ms)


Started GET "/assets/seo.png" for 127.0.0.1 at 2014-03-08 21:11:19 +0300
Served asset /seo.png - 200 OK (17ms)


Started GET "/assets/friendly.png" for 127.0.0.1 at 2014-03-08 21:11:19 +0300
Served asset /friendly.png - 200 OK (23ms)


Started GET "/assets/star.png" for 127.0.0.1 at 2014-03-08 21:11:19 +0300
Served asset /star.png - 200 OK (26ms)


Started GET "/assets/envelope.png" for 127.0.0.1 at 2014-03-08 21:11:20 +0300
Served asset /envelope.png - 200 OK (10ms)


Started GET "/assets/bg2.png" for 127.0.0.1 at 2014-03-08 21:11:20 +0300
Served asset /bg2.png - 200 OK (25ms)


Started GET "/assets/secure.png" for 127.0.0.1 at 2014-03-08 21:11:20 +0300
Served asset /secure.png - 200 OK (4ms)


Started GET "/assets/arrow-slider-left.png" for 127.0.0.1 at 2014-03-08 21:11:20 +0300
Served asset /arrow-slider-left.png - 200 OK (40ms)


Started GET "/assets/arrow-slider-right.png" for 127.0.0.1 at 2014-03-08 21:11:20 +0300
Served asset /arrow-slider-right.png - 200 OK (11ms)


Started GET "/assets/flex-control-nav-hover.png" for 127.0.0.1 at 2014-03-08 21:11:20 +0300
Served asset /flex-control-nav-hover.png - 200 OK (6ms)


Started GET "/assets/flex-control-nav.png" for 127.0.0.1 at 2014-03-08 21:11:20 +0300
Served asset /flex-control-nav.png - 200 OK (4ms)


Started GET "/admin" for 127.0.0.1 at 2014-03-08 21:11:27 +0300
Processing by Admin::DashboardController#index as HTML
Completed 401 Unauthorized in 2ms


Started GET "/admin/login" for 127.0.0.1 at 2014-03-08 21:11:28 +0300
Processing by ActiveAdmin::Devise::SessionsController#new as HTML
  Rendered /home/artem/.rvm/gems/ruby-2.1.0/gems/activeadmin-0.6.2/app/views/active_admin/devise/shared/_links.erb (1.6ms)
  Rendered /home/artem/.rvm/gems/ruby-2.1.0/gems/activeadmin-0.6.2/app/views/active_admin/devise/sessions/new.html.erb within layouts/active_admin_logged_out (98.7ms)
Compiled active_admin.css  (2135ms)  (pid 14790)
Compiled active_admin/print.css  (155ms)  (pid 14790)
Compiled jquery-ui.js  (6ms)  (pid 14790)
Compiled jquery_ujs.js  (4ms)  (pid 14790)
Compiled active_admin/lib/namespace.js  (232ms)  (pid 14790)
Compiled active_admin/components/jquery.aa.checkbox-toggler.js  (56ms)  (pid 14790)
Compiled active_admin/components/jquery.aa.dropdown-menu.js  (59ms)  (pid 14790)
Compiled active_admin/components/jquery.aa.popover.js  (41ms)  (pid 14790)
Compiled active_admin/components/jquery.aa.table-checkbox-toggler.js  (12ms)  (pid 14790)
Compiled active_admin/pages/application.js  (9ms)  (pid 14790)
Compiled active_admin/pages/batch_actions.js  (12ms)  (pid 14790)
Compiled active_admin/application.js  (463ms)  (pid 14790)
Compiled active_admin/base.js  (542ms)  (pid 14790)
Compiled active_admin.js  (549ms)  (pid 14790)
Completed 200 OK in 3531ms (Views: 3515.1ms | ActiveRecord: 1.2ms)


Started GET "/assets/active_admin.css?body=1" for 127.0.0.1 at 2014-03-08 21:11:32 +0300
Served asset /active_admin.css - 200 OK (21ms)


Started GET "/assets/jquery-ui.js?body=1" for 127.0.0.1 at 2014-03-08 21:11:32 +0300
Served asset /jquery-ui.js - 200 OK (7ms)


Started GET "/assets/active_admin/print.css?body=1" for 127.0.0.1 at 2014-03-08 21:11:32 +0300
Served asset /active_admin/print.css - 200 OK (4ms)


Started GET "/assets/jquery_ujs.js?body=1" for 127.0.0.1 at 2014-03-08 21:11:32 +0300
Served asset /jquery_ujs.js - 200 OK (5ms)


Started GET "/assets/active_admin/lib/namespace.js?body=1" for 127.0.0.1 at 2014-03-08 21:11:32 +0300
Served asset /active_admin/lib/namespace.js - 200 OK (4ms)


Started GET "/assets/active_admin/components/jquery.aa.checkbox-toggler.js?body=1" for 127.0.0.1 at 2014-03-08 21:11:32 +0300
Served asset /active_admin/components/jquery.aa.checkbox-toggler.js - 200 OK (4ms)


Started GET "/assets/active_admin/components/jquery.aa.dropdown-menu.js?body=1" for 127.0.0.1 at 2014-03-08 21:11:32 +0300
Served asset /active_admin/components/jquery.aa.dropdown-menu.js - 200 OK (5ms)


Started GET "/assets/active_admin/components/jquery.aa.table-checkbox-toggler.js?body=1" for 127.0.0.1 at 2014-03-08 21:11:32 +0300
Served asset /active_admin/components/jquery.aa.table-checkbox-toggler.js - 200 OK (9ms)


Started GET "/assets/active_admin/pages/batch_actions.js?body=1" for 127.0.0.1 at 2014-03-08 21:11:32 +0300
Served asset /active_admin/pages/batch_actions.js - 200 OK (5ms)


Started GET "/assets/active_admin/pages/application.js?body=1" for 127.0.0.1 at 2014-03-08 21:11:32 +0300
Served asset /active_admin/pages/application.js - 200 OK (10ms)


Started GET "/assets/active_admin/components/jquery.aa.popover.js?body=1" for 127.0.0.1 at 2014-03-08 21:11:32 +0300
Served asset /active_admin/components/jquery.aa.popover.js - 200 OK (4ms)


Started GET "/assets/active_admin/application.js?body=1" for 127.0.0.1 at 2014-03-08 21:11:32 +0300
Served asset /active_admin/application.js - 200 OK (14ms)


Started GET "/assets/active_admin/base.js?body=1" for 127.0.0.1 at 2014-03-08 21:11:32 +0300
Served asset /active_admin/base.js - 200 OK (22ms)


Started GET "/assets/active_admin.js?body=1" for 127.0.0.1 at 2014-03-08 21:11:32 +0300
Served asset /active_admin.js - 200 OK (27ms)


Started POST "/admin/login" for 127.0.0.1 at 2014-03-08 21:11:47 +0300
Processing by ActiveAdmin::Devise::SessionsController#create as HTML
  Parameters: {"utf8"=>"✓", "authenticity_token"=>"vd+050cd+pQKmG8ukS2X3K8shk/+eqJXY1YFh8V4WmA=", "admin_user"=>{"email"=>"admin@example.com", "password"=>"[FILTERED]", "remember_me"=>"0"}, "commit"=>"Войти"}
  [1m[36mAdminUser Load (78.6ms)[0m  [1mSELECT "admin_users".* FROM "admin_users" WHERE "admin_users"."email" = 'admin@example.com' LIMIT 1[0m
  [1m[35m (0.3ms)[0m  BEGIN
  [1m[36m (319.1ms)[0m  [1mUPDATE "admin_users" SET "last_sign_in_at" = '2014-03-08 18:11:47.390806', "current_sign_in_at" = '2014-03-08 18:11:47.390806', "last_sign_in_ip" = '127.0.0.1', "current_sign_in_ip" = '127.0.0.1', "sign_in_count" = 1, "updated_at" = '2014-03-08 18:11:47.427474' WHERE "admin_users"."id" = 1[0m
  [1m[35m (15.2ms)[0m  COMMIT
Redirected to http://localhost:3000/admin
Completed 302 Found in 783ms (ActiveRecord: 0.0ms)


Started GET "/admin" for 127.0.0.1 at 2014-03-08 21:11:47 +0300
Processing by Admin::DashboardController#index as HTML
  [1m[36mAdminUser Load (0.6ms)[0m  [1mSELECT "admin_users".* FROM "admin_users" WHERE "admin_users"."id" = 1 LIMIT 1[0m
  Rendered /home/artem/.rvm/gems/ruby-2.1.0/gems/activeadmin-0.6.2/app/views/active_admin/page/index.html.arb (71.1ms)
Completed 200 OK in 247ms (Views: 160.6ms | ActiveRecord: 0.6ms)


Started GET "/admin/posts" for 127.0.0.1 at 2014-03-08 21:11:51 +0300
Processing by Admin::PostsController#index as HTML
  [1m[35mAdminUser Load (0.6ms)[0m  SELECT "admin_users".* FROM "admin_users" WHERE "admin_users"."id" = 1 LIMIT 1
  [1m[36m (26.8ms)[0m  [1mSELECT COUNT(count_column) FROM (SELECT 1 AS count_column FROM "posts" LIMIT 30 OFFSET 0) subquery_for_count [0m
  Rendered /home/artem/.rvm/gems/ruby-2.1.0/gems/activeadmin-0.6.2/app/views/active_admin/resource/index.html.arb (253.5ms)
Completed 200 OK in 301ms (Views: 247.7ms | ActiveRecord: 27.4ms)


Started GET "/assets/active_admin/datepicker/datepicker-input-icon.png" for 127.0.0.1 at 2014-03-08 21:11:51 +0300
Served asset /active_admin/datepicker/datepicker-input-icon.png - 200 OK (32ms)


Started GET "/admin/projects" for 127.0.0.1 at 2014-03-08 21:11:56 +0300
Processing by Admin::ProjectsController#index as HTML
  [1m[35mAdminUser Load (0.6ms)[0m  SELECT "admin_users".* FROM "admin_users" WHERE "admin_users"."id" = 1 LIMIT 1
  [1m[36m (0.5ms)[0m  [1mSELECT COUNT(count_column) FROM (SELECT 1 AS count_column FROM "projects" LIMIT 30 OFFSET 0) subquery_for_count [0m
  Rendered /home/artem/.rvm/gems/ruby-2.1.0/gems/activeadmin-0.6.2/app/views/active_admin/resource/index.html.arb (169.0ms)
Completed 200 OK in 178ms (Views: 172.6ms | ActiveRecord: 1.1ms)


Started GET "/admin/projects/new" for 127.0.0.1 at 2014-03-08 21:11:59 +0300
Processing by Admin::ProjectsController#new as HTML
  [1m[35mAdminUser Load (0.6ms)[0m  SELECT "admin_users".* FROM "admin_users" WHERE "admin_users"."id" = 1 LIMIT 1
  Rendered /home/artem/.rvm/gems/ruby-2.1.0/gems/activeadmin-0.6.2/app/views/active_admin/resource/new.html.arb (107.4ms)
Completed 200 OK in 140ms (Views: 129.1ms | ActiveRecord: 0.6ms)


Started POST "/admin/projects" for 127.0.0.1 at 2014-03-08 21:12:13 +0300
Processing by Admin::ProjectsController#create as HTML
  Parameters: {"utf8"=>"✓", "authenticity_token"=>"vd+050cd+pQKmG8ukS2X3K8shk/+eqJXY1YFh8V4WmA=", "project"=>{"name"=>"ewdewefw", "description"=>"efwlejbw/ckbw/cbwjecwecewc", "datepicker(1i)"=>"", "datepicker(2i)"=>"", "datepicker(3i)"=>"", "datepicker(4i)"=>"", "datepicker(5i)"=>"", "image"=>#<ActionDispatch::Http::UploadedFile:0x00000006298190 @original_filename="17-5.jpg", @content_type="image/jpeg", @headers="Content-Disposition: form-data; name=\"project[image]\"; filename=\"17-5.jpg\"\r\nContent-Type: image/jpeg\r\n", @tempfile=#<Tempfile:/tmp/RackMultipart20140308-14790-1ecor2i>>}, "commit"=>"Create Project"}
  [1m[36mAdminUser Load (0.6ms)[0m  [1mSELECT "admin_users".* FROM "admin_users" WHERE "admin_users"."id" = 1 LIMIT 1[0m
  [1m[35m (0.3ms)[0m  BEGIN
  [1m[36mSQL (139.5ms)[0m  [1mINSERT INTO "projects" ("created_at", "datepicker", "description", "image", "name", "updated_at") VALUES ($1, $2, $3, $4, $5, $6) RETURNING "id"[0m  [["created_at", Sat, 08 Mar 2014 18:12:14 UTC +00:00], ["datepicker", nil], ["description", "efwlejbw/ckbw/cbwjecwecewc"], ["image", "17-5.jpg"], ["name", "ewdewefw"], ["updated_at", Sat, 08 Mar 2014 18:12:14 UTC +00:00]]
  [1m[35m (19.7ms)[0m  COMMIT
Redirected to http://localhost:3000/admin/projects/1
Completed 302 Found in 679ms (ActiveRecord: 0.0ms)


Started GET "/admin/projects/1" for 127.0.0.1 at 2014-03-08 21:12:14 +0300
Processing by Admin::ProjectsController#show as HTML
  Parameters: {"id"=>"1"}
  [1m[36mAdminUser Load (0.8ms)[0m  [1mSELECT "admin_users".* FROM "admin_users" WHERE "admin_users"."id" = 1 LIMIT 1[0m
  [1m[35mProject Load (0.8ms)[0m  SELECT "projects".* FROM "projects" WHERE "projects"."id" = $1 LIMIT 1  [["id", "1"]]
  Rendered /home/artem/.rvm/gems/ruby-2.1.0/gems/activeadmin-0.6.2/app/views/active_admin/resource/show.html.arb (36.6ms)
Completed 500 Internal Server Error in 77ms

ActionView::Template::Error (translation missing: ru.time.formats.long):
    1: insert_tag renderer_for(:show)
  i18n (0.6.9) lib/i18n.rb:317:in `handle_exception'
  i18n (0.6.9) lib/i18n.rb:160:in `translate'
  i18n (0.6.9) lib/i18n/backend/base.rb:59:in `localize'
  i18n (0.6.9) lib/i18n.rb:246:in `localize'
  actionpack (3.2.12) lib/action_view/helpers/translation_helper.rb:66:in `localize'
  activeadmin (0.6.2) lib/active_admin/view_helpers/display_helper.rb:37:in `pretty_format'
  arbre (1.0.1) lib/arbre/element.rb:175:in `method_missing'
  activeadmin (0.6.2) lib/active_admin/views/components/attributes_table.rb:54:in `content_for'
  activeadmin (0.6.2) lib/active_admin/views/components/attributes_table.rb:29:in `block (2 levels) in row'
  arbre (1.0.1) lib/arbre/element/builder_methods.rb:31:in `block in build_tag'
  arbre (1.0.1) lib/arbre/context.rb:92:in `with_current_arbre_element'
  arbre (1.0.1) lib/arbre/element/builder_methods.rb:49:in `with_current_arbre_element'
  arbre (1.0.1) lib/arbre/element/builder_methods.rb:26:in `build_tag'
  arbre (1.0.1) lib/arbre/element/builder_methods.rb:39:in `insert_tag'
  arbre (1.0.1) lib/arbre/element/builder_methods.rb:14:in `td'
  activeadmin (0.6.2) lib/active_admin/views/components/attributes_table.rb:28:in `block in row'
  arbre (1.0.1) lib/arbre/element/builder_methods.rb:31:in `block in build_tag'
  arbre (1.0.1) lib/arbre/context.rb:92:in `with_current_arbre_element'
  arbre (1.0.1) lib/arbre/element/builder_methods.rb:49:in `with_current_arbre_element'
  arbre (1.0.1) lib/arbre/element/builder_methods.rb:26:in `build_tag'
  arbre (1.0.1) lib/arbre/element/builder_methods.rb:39:in `insert_tag'
  arbre (1.0.1) lib/arbre/element/builder_methods.rb:14:in `tr'
  activeadmin (0.6.2) lib/active_admin/views/components/attributes_table.rb:24:in `row'
  activeadmin (0.6.2) lib/active_admin/views/components/attributes_table.rb:17:in `block in rows'
  activeadmin (0.6.2) lib/active_admin/views/components/attributes_table.rb:17:in `each'
  activeadmin (0.6.2) lib/active_admin/views/components/attributes_table.rb:17:in `rows'
  activeadmin (0.6.2) lib/active_admin/views/components/attributes_table.rb:13:in `build'
  arbre (1.0.1) lib/arbre/element/builder_methods.rb:30:in `block in build_tag'
  arbre (1.0.1) lib/arbre/context.rb:92:in `with_current_arbre_element'
  arbre (1.0.1) lib/arbre/element/builder_methods.rb:49:in `with_current_arbre_element'
  arbre (1.0.1) lib/arbre/element/builder_methods.rb:26:in `build_tag'
  arbre (1.0.1) lib/arbre/element/builder_methods.rb:39:in `insert_tag'
  arbre (1.0.1) lib/arbre/element/builder_methods.rb:14:in `attributes_table_for'
  activeadmin (0.6.2) lib/active_admin/views/pages/show.rb:29:in `block in attributes_table'
  arbre (1.0.1) lib/arbre/element/builder_methods.rb:31:in `block in build_tag'
  arbre (1.0.1) lib/arbre/context.rb:92:in `with_current_arbre_element'
  arbre (1.0.1) lib/arbre/element/builder_methods.rb:49:in `with_current_arbre_element'
  arbre (1.0.1) lib/arbre/element/builder_methods.rb:26:in `build_tag'
  arbre (1.0.1) lib/arbre/element/builder_methods.rb:39:in `insert_tag'
  arbre (1.0.1) lib/arbre/element/builder_methods.rb:14:in `panel'
  activeadmin (0.6.2) lib/active_admin/views/pages/show.rb:28:in `attributes_table'
  activeadmin (0.6.2) lib/active_admin/views/pages/show.rb:47:in `default_main_content'
  activeadmin (0.6.2) lib/active_admin/comments/show_page_helper.rb:11:in `default_main_content'
  activeadmin (0.6.2) lib/active_admin/views/pages/show.rb:23:in `main_content'
  activeadmin (0.6.2) lib/active_admin/views/pages/base.rb:83:in `block (2 levels) in build_main_content_wrapper'
  arbre (1.0.1) lib/arbre/element/builder_methods.rb:31:in `block in build_tag'
  arbre (1.0.1) lib/arbre/context.rb:92:in `with_current_arbre_element'
  arbre (1.0.1) lib/arbre/element/builder_methods.rb:49:in `with_current_arbre_element'
  arbre (1.0.1) lib/arbre/element/builder_methods.rb:26:in `build_tag'
  arbre (1.0.1) lib/arbre/element/builder_methods.rb:39:in `insert_tag'
  arbre (1.0.1) lib/arbre/element/builder_methods.rb:14:in `div'
  activeadmin (0.6.2) lib/active_admin/views/pages/base.rb:82:in `block in build_main_content_wrapper'
  arbre (1.0.1) lib/arbre/element/builder_methods.rb:31:in `block in build_tag'
  arbre (1.0.1) lib/arbre/context.rb:92:in `with_current_arbre_element'
  arbre (1.0.1) lib/arbre/element/builder_methods.rb:49:in `with_current_arbre_element'
  arbre (1.0.1) lib/arbre/element/builder_methods.rb:26:in `build_tag'
  arbre (1.0.1) lib/arbre/element/builder_methods.rb:39:in `insert_tag'
  arbre (1.0.1) lib/arbre/element/builder_methods.rb:14:in `div'
  activeadmin (0.6.2) lib/active_admin/views/pages/base.rb:81:in `build_main_content_wrapper'
  activeadmin (0.6.2) lib/active_admin/views/pages/base.rb:65:in `block in build_page_content'
  arbre (1.0.1) lib/arbre/element/builder_methods.rb:31:in `block in build_tag'
  arbre (1.0.1) lib/arbre/context.rb:92:in `with_current_arbre_element'
  arbre (1.0.1) lib/arbre/element/builder_methods.rb:49:in `with_current_arbre_element'
  arbre (1.0.1) lib/arbre/element/builder_methods.rb:26:in `build_tag'
  arbre (1.0.1) lib/arbre/element/builder_methods.rb:39:in `insert_tag'
  arbre (1.0.1) lib/arbre/element/builder_methods.rb:14:in `div'
  activeadmin (0.6.2) lib/active_admin/views/pages/base.rb:64:in `build_page_content'
  activeadmin (0.6.2) lib/active_admin/views/pages/base.rb:47:in `block (2 levels) in build_page'
  arbre (1.0.1) lib/arbre/element/builder_methods.rb:31:in `block in build_tag'
  arbre (1.0.1) lib/arbre/context.rb:92:in `with_current_arbre_element'
  arbre (1.0.1) lib/arbre/element/builder_methods.rb:49:in `with_current_arbre_element'
  arbre (1.0.1) lib/arbre/element/builder_methods.rb:26:in `build_tag'
  arbre (1.0.1) lib/arbre/element/builder_methods.rb:39:in `insert_tag'
  arbre (1.0.1) lib/arbre/element/builder_methods.rb:14:in `div'
  activeadmin (0.6.2) lib/active_admin/views/pages/base.rb:44:in `block in build_page'
  arbre (1.0.1) lib/arbre/context.rb:92:in `with_current_arbre_element'
  arbre (1.0.1) lib/arbre/element/builder_methods.rb:49:in `with_current_arbre_element'
  activeadmin (0.6.2) lib/active_admin/views/pages/base.rb:43:in `build_page'
  activeadmin (0.6.2) lib/active_admin/views/pages/base.rb:10:in `build'
  arbre (1.0.1) lib/arbre/element/builder_methods.rb:30:in `block in build_tag'
  arbre (1.0.1) lib/arbre/context.rb:92:in `with_current_arbre_element'
  arbre (1.0.1) lib/arbre/element/builder_methods.rb:26:in `build_tag'
  arbre (1.0.1) lib/arbre/element/builder_methods.rb:39:in `insert_tag'
  activeadmin (0.6.2) app/views/active_admin/resource/show.html.arb:1:in `block in __home_artem__rvm_gems_ruby_______gems_activeadmin_______app_views_active_admin_resource_show_html_arb___4009192684193013175_69989150530000'
  arbre (1.0.1) lib/arbre/context.rb:45:in `instance_eval'
  arbre (1.0.1) lib/arbre/context.rb:45:in `initialize'
  activeadmin (0.6.2) app/views/active_admin/resource/show.html.arb:1:in `new'
  activeadmin (0.6.2) app/views/active_admin/resource/show.html.arb:1:in `__home_artem__rvm_gems_ruby_______gems_activeadmin_______app_views_active_admin_resource_show_html_arb___4009192684193013175_69989150530000'
  actionpack (3.2.12) lib/action_view/template.rb:145:in `block in render'
  activesupport (3.2.12) lib/active_support/notifications.rb:125:in `instrument'
  actionpack (3.2.12) lib/action_view/template.rb:143:in `render'
  actionpack (3.2.12) lib/action_view/renderer/template_renderer.rb:47:in `block (2 levels) in render_template'
  actionpack (3.2.12) lib/action_view/renderer/abstract_renderer.rb:38:in `block in instrument'
  activesupport (3.2.12) lib/active_support/notifications.rb:123:in `block in instrument'
  activesupport (3.2.12) lib/active_support/notifications/instrumenter.rb:20:in `instrument'
  activesupport (3.2.12) lib/active_support/notifications.rb:123:in `instrument'
  actionpack (3.2.12) lib/action_view/renderer/abstract_renderer.rb:38:in `instrument'
  actionpack (3.2.12) lib/action_view/renderer/template_renderer.rb:46:in `block in render_template'
  actionpack (3.2.12) lib/action_view/renderer/template_renderer.rb:54:in `render_with_layout'
  actionpack (3.2.12) lib/action_view/renderer/template_renderer.rb:45:in `render_template'
  actionpack (3.2.12) lib/action_view/renderer/template_renderer.rb:18:in `render'
  actionpack (3.2.12) lib/action_view/renderer/renderer.rb:36:in `render_template'
  actionpack (3.2.12) lib/action_view/renderer/renderer.rb:17:in `render'
  actionpack (3.2.12) lib/abstract_controller/rendering.rb:110:in `_render_template'
  actionpack (3.2.12) lib/action_controller/metal/streaming.rb:225:in `_render_template'
  actionpack (3.2.12) lib/abstract_controller/rendering.rb:103:in `render_to_body'
  actionpack (3.2.12) lib/action_controller/metal/renderers.rb:28:in `render_to_body'
  actionpack (3.2.12) lib/action_controller/metal/compatibility.rb:50:in `render_to_body'
  actionpack (3.2.12) lib/abstract_controller/rendering.rb:88:in `render'
  actionpack (3.2.12) lib/action_controller/metal/rendering.rb:16:in `render'
  actionpack (3.2.12) lib/action_controller/metal/instrumentation.rb:40:in `block (2 levels) in render'
  activesupport (3.2.12) lib/active_support/core_ext/benchmark.rb:5:in `block in ms'
  /home/artem/.rvm/rubies/ruby-2.1.0/lib/ruby/2.1.0/benchmark.rb:294:in `realtime'
  activesupport (3.2.12) lib/active_support/core_ext/benchmark.rb:5:in `ms'
  actionpack (3.2.12) lib/action_controller/metal/instrumentation.rb:40:in `block in render'
  actionpack (3.2.12) lib/action_controller/metal/instrumentation.rb:83:in `cleanup_view_runtime'
  activerecord (3.2.12) lib/active_record/railties/controller_runtime.rb:24:in `cleanup_view_runtime'
  actionpack (3.2.12) lib/action_controller/metal/instrumentation.rb:39:in `render'
  activeadmin (0.6.2) lib/active_admin/resource_controller/actions.rb:26:in `block (2 levels) in show'
  actionpack (3.2.12) lib/action_controller/metal/responder.rb:230:in `call'
  actionpack (3.2.12) lib/action_controller/metal/responder.rb:230:in `default_render'
  actionpack (3.2.12) lib/action_controller/metal/responder.rb:160:in `to_html'
  responders (1.0.0) lib/responders/flash_responder.rb:104:in `to_html'
  actionpack (3.2.12) lib/action_controller/metal/responder.rb:153:in `respond'
  actionpack (3.2.12) lib/action_controller/metal/responder.rb:146:in `call'
  actionpack (3.2.12) lib/action_controller/metal/mime_responds.rb:239:in `respond_with'
  inherited_resources (1.4.1) lib/inherited_resources/actions.rb:13:in `show'
  activeadmin (0.6.2) lib/active_admin/resource_controller/actions.rb:24:in `show'
  actionpack (3.2.12) lib/action_controller/metal/implicit_render.rb:4:in `send_action'
  actionpack (3.2.12) lib/abstract_controller/base.rb:167:in `process_action'
  actionpack (3.2.12) lib/action_controller/metal/rendering.rb:10:in `process_action'
  actionpack (3.2.12) lib/abstract_controller/callbacks.rb:18:in `block in process_action'
  activesupport (3.2.12) lib/active_support/callbacks.rb:447:in `_run__4591869789698981619__process_action__4449506206953869557__callbacks'
  activesupport (3.2.12) lib/active_support/callbacks.rb:405:in `__run_callback'
  activesupport (3.2.12) lib/active_support/callbacks.rb:385:in `_run_process_action_callbacks'
  activesupport (3.2.12) lib/active_support/callbacks.rb:81:in `run_callbacks'
  actionpack (3.2.12) lib/abstract_controller/callbacks.rb:17:in `process_action'
  actionpack (3.2.12) lib/action_controller/metal/rescue.rb:29:in `process_action'
  actionpack (3.2.12) lib/action_controller/metal/instrumentation.rb:30:in `block in process_action'
  activesupport (3.2.12) lib/active_support/notifications.rb:123:in `block in instrument'
  activesupport (3.2.12) lib/active_support/notifications/instrumenter.rb:20:in `instrument'
  activesupport (3.2.12) lib/active_support/notifications.rb:123:in `instrument'
  actionpack (3.2.12) lib/action_controller/metal/instrumentation.rb:29:in `process_action'
  actionpack (3.2.12) lib/action_controller/metal/params_wrapper.rb:207:in `process_action'
  activerecord (3.2.12) lib/active_record/railties/controller_runtime.rb:18:in `process_action'
  actionpack (3.2.12) lib/abstract_controller/base.rb:121:in `process'
  actionpack (3.2.12) lib/abstract_controller/rendering.rb:45:in `process'
  actionpack (3.2.12) lib/action_controller/metal.rb:203:in `dispatch'
  actionpack (3.2.12) lib/action_controller/metal/rack_delegation.rb:14:in `dispatch'
  actionpack (3.2.12) lib/action_controller/metal.rb:246:in `block in action'
  actionpack (3.2.12) lib/action_dispatch/routing/route_set.rb:73:in `call'
  actionpack (3.2.12) lib/action_dispatch/routing/route_set.rb:73:in `dispatch'
  actionpack (3.2.12) lib/action_dispatch/routing/route_set.rb:36:in `call'
  journey (1.0.4) lib/journey/router.rb:68:in `block in call'
  journey (1.0.4) lib/journey/router.rb:56:in `each'
  journey (1.0.4) lib/journey/router.rb:56:in `call'
  actionpack (3.2.12) lib/action_dispatch/routing/route_set.rb:601:in `call'
  warden (1.1.1) lib/warden/manager.rb:35:in `block in call'
  warden (1.1.1) lib/warden/manager.rb:34:in `catch'
  warden (1.1.1) lib/warden/manager.rb:34:in `call'
  actionpack (3.2.12) lib/action_dispatch/middleware/best_standards_support.rb:17:in `call'
  rack (1.4.5) lib/rack/etag.rb:23:in `call'
  rack (1.4.5) lib/rack/conditionalget.rb:25:in `call'
  actionpack (3.2.12) lib/action_dispatch/middleware/head.rb:14:in `call'
  actionpack (3.2.12) lib/action_dispatch/middleware/params_parser.rb:21:in `call'
  actionpack (3.2.12) lib/action_dispatch/middleware/flash.rb:242:in `call'
  rack (1.4.5) lib/rack/session/abstract/id.rb:210:in `context'
  rack (1.4.5) lib/rack/session/abstract/id.rb:205:in `call'
  actionpack (3.2.12) lib/action_dispatch/middleware/cookies.rb:341:in `call'
  activerecord (3.2.12) lib/active_record/query_cache.rb:64:in `call'
  activerecord (3.2.12) lib/active_record/connection_adapters/abstract/connection_pool.rb:479:in `call'
  actionpack (3.2.12) lib/action_dispatch/middleware/callbacks.rb:28:in `block in call'
  activesupport (3.2.12) lib/active_support/callbacks.rb:405:in `_run__2573546472934553645__call__1078363904313093782__callbacks'
  activesupport (3.2.12) lib/active_support/callbacks.rb:405:in `__run_callback'
  activesupport (3.2.12) lib/active_support/callbacks.rb:385:in `_run_call_callbacks'
  activesupport (3.2.12) lib/active_support/callbacks.rb:81:in `run_callbacks'
  actionpack (3.2.12) lib/action_dispatch/middleware/callbacks.rb:27:in `call'
  actionpack (3.2.12) lib/action_dispatch/middleware/reloader.rb:65:in `call'
  actionpack (3.2.12) lib/action_dispatch/middleware/remote_ip.rb:31:in `call'
  actionpack (3.2.12) lib/action_dispatch/middleware/debug_exceptions.rb:16:in `call'
  actionpack (3.2.12) lib/action_dispatch/middleware/show_exceptions.rb:56:in `call'
  railties (3.2.12) lib/rails/rack/logger.rb:32:in `call_app'
  railties (3.2.12) lib/rails/rack/logger.rb:16:in `block in call'
  activesupport (3.2.12) lib/active_support/tagged_logging.rb:22:in `tagged'
  railties (3.2.12) lib/rails/rack/logger.rb:16:in `call'
  actionpack (3.2.12) lib/action_dispatch/middleware/request_id.rb:22:in `call'
  rack (1.4.5) lib/rack/methodoverride.rb:21:in `call'
  rack (1.4.5) lib/rack/runtime.rb:17:in `call'
  activesupport (3.2.12) lib/active_support/cache/strategy/local_cache.rb:72:in `call'
  rack (1.4.5) lib/rack/lock.rb:15:in `call'
  actionpack (3.2.12) lib/action_dispatch/middleware/static.rb:62:in `call'
  railties (3.2.12) lib/rails/engine.rb:479:in `call'
  railties (3.2.12) lib/rails/application.rb:223:in `call'
  rack (1.4.5) lib/rack/content_length.rb:14:in `call'
  railties (3.2.12) lib/rails/rack/log_tailer.rb:17:in `call'
  rack (1.4.5) lib/rack/handler/webrick.rb:59:in `service'
  /home/artem/.rvm/rubies/ruby-2.1.0/lib/ruby/2.1.0/webrick/httpserver.rb:138:in `service'
  /home/artem/.rvm/rubies/ruby-2.1.0/lib/ruby/2.1.0/webrick/httpserver.rb:94:in `run'
  /home/artem/.rvm/rubies/ruby-2.1.0/lib/ruby/2.1.0/webrick/server.rb:295:in `block in start_thread'


  Rendered /home/artem/.rvm/gems/ruby-2.1.0/gems/actionpack-3.2.12/lib/action_dispatch/middleware/templates/rescues/_trace.erb (2.0ms)
  Rendered /home/artem/.rvm/gems/ruby-2.1.0/gems/actionpack-3.2.12/lib/action_dispatch/middleware/templates/rescues/_request_and_response.erb (1.4ms)
  Rendered /home/artem/.rvm/gems/ruby-2.1.0/gems/actionpack-3.2.12/lib/action_dispatch/middleware/templates/rescues/template_error.erb within rescues/layout (11.6ms)
